<?xml version="1.0" encoding="UTF-8"?>
<robot generator="Robot 7.2 (Python 3.10.12 on linux)" generated="2025-01-31T15:52:38.702959" rpa="false" schemaversion="5">
<suite id="s1" name="Sortable Interaction" source="/home/gabriel.duarte/Documentos/testAccenture-1/robot-framework/resources/pages_tests/sortable_interaction.robot">
<test id="s1-t1" name="Acessando a tela e ordenando em ordem decrescente os números" line="8">
<kw name="Abrir o site demoqa" owner="setup_teardown" type="SETUP">
<kw name="Open Browser" owner="SeleniumLibrary">
<msg time="2025-01-31T15:52:39.006229" level="INFO">Opening browser 'Chrome' to base url 'https://demoqa.com/'.</msg>
<arg>url=${site}</arg>
<arg>browser=Chrome</arg>
<doc>Opens a new browser instance to the optional ``url``.</doc>
<status status="PASS" start="2025-01-31T15:52:39.005847" elapsed="11.630698"/>
</kw>
<kw name="Maximize Browser Window" owner="SeleniumLibrary">
<doc>Maximizes current browser window.</doc>
<status status="PASS" start="2025-01-31T15:52:50.636908" elapsed="0.012709"/>
</kw>
<kw name="Sleep" owner="BuiltIn">
<msg time="2025-01-31T15:52:53.651516" level="INFO">Slept 3 seconds.</msg>
<arg>3s</arg>
<doc>Pauses the test executed for the given time.</doc>
<status status="PASS" start="2025-01-31T15:52:50.650566" elapsed="3.001637"/>
</kw>
<status status="PASS" start="2025-01-31T15:52:39.004813" elapsed="14.647637"/>
</kw>
<kw name="Acessa a tela de Interações" owner="sortable_interaction_structure">
<kw name="Click Element" owner="SeleniumLibrary">
<msg time="2025-01-31T15:52:53.653548" level="INFO">Clicking element '//*[@id="app"]/div/div/div[2]/div/div[5]/div/div[3]'.</msg>
<arg>//*[@id="app"]/div/div/div[2]/div/div[5]/div/div[3]</arg>
<doc>Click the element identified by ``locator``.</doc>
<status status="PASS" start="2025-01-31T15:52:53.653215" elapsed="0.077928"/>
</kw>
<kw name="Sleep" owner="BuiltIn">
<msg time="2025-01-31T15:52:55.731974" level="INFO">Slept 2 seconds.</msg>
<arg>2s</arg>
<doc>Pauses the test executed for the given time.</doc>
<status status="PASS" start="2025-01-31T15:52:53.731505" elapsed="2.000925"/>
</kw>
<status status="PASS" start="2025-01-31T15:52:53.652851" elapsed="2.080043"/>
</kw>
<kw name="Acessa o menu de Sortables" owner="sortable_interaction_structure">
<kw name="Set Variable" owner="BuiltIn">
<msg time="2025-01-31T15:52:55.734948" level="INFO">${menu1} = //ul[@class='menu-list']/li//span[text()='Sortable']/ancestor::li</msg>
<var>${menu1}</var>
<arg>//ul[@class='menu-list']/li//span[text()='Sortable']/ancestor::li</arg>
<doc>Returns the given values which can then be assigned to a variables.</doc>
<status status="PASS" start="2025-01-31T15:52:55.734352" elapsed="0.000789"/>
</kw>
<kw name="Wait Until Element Is Visible" owner="SeleniumLibrary">
<arg>${menu1}</arg>
<arg>timeout=10s</arg>
<doc>Waits until the element ``locator`` is visible.</doc>
<status status="PASS" start="2025-01-31T15:52:55.735387" elapsed="0.019670"/>
</kw>
<kw name="Click Element" owner="SeleniumLibrary">
<msg time="2025-01-31T15:52:55.756116" level="INFO">Clicking element '//ul[@class='menu-list']/li//span[text()='Sortable']/ancestor::li'.</msg>
<arg>${menu1}</arg>
<doc>Click the element identified by ``locator``.</doc>
<status status="PASS" start="2025-01-31T15:52:55.755671" elapsed="0.057359"/>
</kw>
<kw name="Sleep" owner="BuiltIn">
<msg time="2025-01-31T15:52:58.813858" level="INFO">Slept 3 seconds.</msg>
<arg>3s</arg>
<doc>Pauses the test executed for the given time.</doc>
<status status="PASS" start="2025-01-31T15:52:55.813447" elapsed="3.000726"/>
</kw>
<status status="PASS" start="2025-01-31T15:52:55.733626" elapsed="3.080745"/>
</kw>
<kw name="Ordenando de forma decrescente via Drag and Drop os elementos" owner="sortable_interaction_structure">
<kw name="Drag And Drop" owner="SeleniumLibrary">
<arg>//*[@id="demo-tabpane-list"]/div/div[1]</arg>
<arg>//*[@id="demo-tabpane-list"]/div/div[6]</arg>
<doc>Drags the element identified by ``locator`` into the ``target`` element.</doc>
<status status="PASS" start="2025-01-31T15:52:58.815608" elapsed="0.535792"/>
</kw>
<kw name="Sleep" owner="BuiltIn">
<msg time="2025-01-31T15:53:04.352194" level="INFO">Slept 5 seconds.</msg>
<arg>5s</arg>
<doc>Pauses the test executed for the given time.</doc>
<status status="PASS" start="2025-01-31T15:52:59.351783" elapsed="5.000949"/>
</kw>
<kw name="Click Element" owner="SeleniumLibrary">
<msg time="2025-01-31T15:53:04.353445" level="INFO">Clicking element '//*[@id="sortableContainer"]/h1'.</msg>
<arg>//*[@id="sortableContainer"]/h1</arg>
<doc>Click the element identified by ``locator``.</doc>
<status status="PASS" start="2025-01-31T15:53:04.353116" elapsed="0.036581"/>
</kw>
<kw name="Sleep" owner="BuiltIn">
<msg time="2025-01-31T15:53:06.390617" level="INFO">Slept 2 seconds.</msg>
<arg>2s</arg>
<doc>Pauses the test executed for the given time.</doc>
<status status="PASS" start="2025-01-31T15:53:04.390137" elapsed="2.000956"/>
</kw>
<kw name="Drag And Drop" owner="SeleniumLibrary">
<arg>//*[@id="demo-tabpane-list"]/div/div[1]</arg>
<arg>//*[@id="demo-tabpane-list"]/div/div[5]</arg>
<doc>Drags the element identified by ``locator`` into the ``target`` element.</doc>
<status status="PASS" start="2025-01-31T15:53:06.391439" elapsed="0.537298"/>
</kw>
<kw name="Sleep" owner="BuiltIn">
<msg time="2025-01-31T15:53:11.929477" level="INFO">Slept 5 seconds.</msg>
<arg>5s</arg>
<doc>Pauses the test executed for the given time.</doc>
<status status="PASS" start="2025-01-31T15:53:06.929086" elapsed="5.000682"/>
</kw>
<kw name="Click Element" owner="SeleniumLibrary">
<msg time="2025-01-31T15:53:11.930409" level="INFO">Clicking element '//*[@id="sortableContainer"]/h1'.</msg>
<arg>//*[@id="sortableContainer"]/h1</arg>
<doc>Click the element identified by ``locator``.</doc>
<status status="PASS" start="2025-01-31T15:53:11.930078" elapsed="0.032124"/>
</kw>
<kw name="Sleep" owner="BuiltIn">
<msg time="2025-01-31T15:53:13.963239" level="INFO">Slept 2 seconds.</msg>
<arg>2s</arg>
<doc>Pauses the test executed for the given time.</doc>
<status status="PASS" start="2025-01-31T15:53:11.962778" elapsed="2.000924"/>
</kw>
<kw name="Drag And Drop" owner="SeleniumLibrary">
<arg>//*[@id="demo-tabpane-list"]/div/div[1]</arg>
<arg>//*[@id="demo-tabpane-list"]/div/div[4]</arg>
<doc>Drags the element identified by ``locator`` into the ``target`` element.</doc>
<status status="PASS" start="2025-01-31T15:53:13.963931" elapsed="0.528096"/>
</kw>
<kw name="Click Element" owner="SeleniumLibrary">
<msg time="2025-01-31T15:53:14.492666" level="INFO">Clicking element '//*[@id="sortableContainer"]/h1'.</msg>
<arg>//*[@id="sortableContainer"]/h1</arg>
<doc>Click the element identified by ``locator``.</doc>
<status status="PASS" start="2025-01-31T15:53:14.492364" elapsed="0.028211"/>
</kw>
<kw name="Sleep" owner="BuiltIn">
<msg time="2025-01-31T15:53:16.521386" level="INFO">Slept 2 seconds.</msg>
<arg>2s</arg>
<doc>Pauses the test executed for the given time.</doc>
<status status="PASS" start="2025-01-31T15:53:14.520942" elapsed="2.000817"/>
</kw>
<kw name="Drag And Drop" owner="SeleniumLibrary">
<arg>//*[@id="demo-tabpane-list"]/div/div[1]</arg>
<arg>//*[@id="demo-tabpane-list"]/div/div[3]</arg>
<doc>Drags the element identified by ``locator`` into the ``target`` element.</doc>
<status status="PASS" start="2025-01-31T15:53:16.522109" elapsed="0.542650"/>
</kw>
<kw name="Click Element" owner="SeleniumLibrary">
<msg time="2025-01-31T15:53:17.065449" level="INFO">Clicking element '//*[@id="sortableContainer"]/h1'.</msg>
<arg>//*[@id="sortableContainer"]/h1</arg>
<doc>Click the element identified by ``locator``.</doc>
<status status="PASS" start="2025-01-31T15:53:17.065122" elapsed="0.028071"/>
</kw>
<kw name="Sleep" owner="BuiltIn">
<msg time="2025-01-31T15:53:19.094157" level="INFO">Slept 2 seconds.</msg>
<arg>2s</arg>
<doc>Pauses the test executed for the given time.</doc>
<status status="PASS" start="2025-01-31T15:53:17.093671" elapsed="2.000904"/>
</kw>
<kw name="Drag And Drop" owner="SeleniumLibrary">
<arg>//*[@id="demo-tabpane-list"]/div/div[1]</arg>
<arg>//*[@id="demo-tabpane-list"]/div/div[2]</arg>
<doc>Drags the element identified by ``locator`` into the ``target`` element.</doc>
<status status="PASS" start="2025-01-31T15:53:19.094894" elapsed="0.527516"/>
</kw>
<kw name="Click Element" owner="SeleniumLibrary">
<msg time="2025-01-31T15:53:19.623206" level="INFO">Clicking element '//*[@id="sortableContainer"]/h1'.</msg>
<arg>//*[@id="sortableContainer"]/h1</arg>
<doc>Click the element identified by ``locator``.</doc>
<status status="PASS" start="2025-01-31T15:53:19.622901" elapsed="0.031237"/>
</kw>
<kw name="Sleep" owner="BuiltIn">
<msg time="2025-01-31T15:53:25.654875" level="INFO">Slept 6 seconds.</msg>
<arg>6s</arg>
<doc>Pauses the test executed for the given time.</doc>
<status status="PASS" start="2025-01-31T15:53:19.654502" elapsed="6.000686"/>
</kw>
<status status="PASS" start="2025-01-31T15:52:58.815033" elapsed="26.840323"/>
</kw>
<kw name="Fechar navegador" owner="setup_teardown" type="TEARDOWN">
<kw name="Close Browser" owner="SeleniumLibrary">
<doc>Closes the current browser.</doc>
<status status="PASS" start="2025-01-31T15:53:25.656314" elapsed="0.069193"/>
</kw>
<status status="PASS" start="2025-01-31T15:53:25.655905" elapsed="0.069838"/>
</kw>
<status status="PASS" start="2025-01-31T15:52:39.003906" elapsed="46.722041"/>
</test>
<status status="PASS" start="2025-01-31T15:52:38.706186" elapsed="47.020287"/>
</suite>
<statistics>
<total>
<stat pass="1" fail="0" skip="0">All Tests</stat>
</total>
<tag>
</tag>
<suite>
<stat name="Sortable Interaction" id="s1" pass="1" fail="0" skip="0">Sortable Interaction</stat>
</suite>
</statistics>
<errors>
</errors>
</robot>
